<?xml version="1.0" encoding="UTF-8"?>
<!-- Generated by org.testng.reporters.JUnitXMLReporter -->
<testsuite ignored="3" hostname="HOME" failures="0" tests="2" name="Grouping Test" time="0.062" errors="0" timestamp="2025-01-06T20:45:24 IST">
  <testcase classname="TestNG.GroupingBasics" name="testCase2" time="0.006"/>
  <testcase classname="TestNG.GroupingBasics" name="testCase4" time="0.002"/>
  <testcase classname="TestNG.GroupingBasics" name="testCase3" time="0.0">
    <ignored/>
  </testcase> <!-- testCase3 -->
  <testcase classname="TestNG.GroupingBasics" name="testCase1" time="0.0">
    <ignored/>
  </testcase> <!-- testCase1 -->
  <testcase classname="TestNG.GroupingBasics" name="testCase5" time="0.0">
    <ignored/>
  </testcase> <!-- testCase5 -->
</testsuite> <!-- Grouping Test -->
