<?xml version="1.0" encoding="UTF-8"?>
<!-- Generated by org.testng.reporters.JUnitXMLReporter -->
<testsuite ignored="4" hostname="HOME" failures="0" tests="1" name="Grouping Test1" time="0.007" errors="0" timestamp="2025-01-06T20:45:25 IST">
  <testcase classname="TestNG.GroupingBasics" name="testCase3" time="0.001"/>
  <testcase classname="TestNG.GroupingBasics" name="testCase4" time="0.0">
    <ignored/>
  </testcase> <!-- testCase4 -->
  <testcase classname="TestNG.GroupingBasics" name="testCase2" time="0.0">
    <ignored/>
  </testcase> <!-- testCase2 -->
  <testcase classname="TestNG.GroupingBasics" name="testCase1" time="0.0">
    <ignored/>
  </testcase> <!-- testCase1 -->
  <testcase classname="TestNG.GroupingBasics" name="testCase5" time="0.0">
    <ignored/>
  </testcase> <!-- testCase5 -->
</testsuite> <!-- Grouping Test1 -->
